<?xml version="1.0" encoding="UTF-8"?>
<!-- Generated by org.testng.reporters.JUnitReportReporter -->
<testsuite skipped="0" hostname="UdaySurya-PC" name="srssprojects.keximbank.GridExecution" tests="3" failures="0" timestamp="27 Oct 2018 07:31:36 GMT" time="83.191" errors="0">
  <testcase name="createNewBranchWithBlankData" time="17.500" classname="srssprojects.keximbank.GridExecution"/>
  <testcase name="branchCreationReset" time="36.778" classname="srssprojects.keximbank.GridExecution"/>
  <testcase name="branchCreationCancel" time="28.913" classname="srssprojects.keximbank.GridExecution"/>
</testsuite> <!-- srssprojects.keximbank.GridExecution -->
